::1 - - [14/Sep/2025:13:32:57 +0000] "GET /api/v1/cms-user/all-cms-user HTTP/1.1" 200 436 "-" "PostmanRuntime/7.46.0"
::1 - - [14/Sep/2025:13:36:34 +0000] "POST /api/v1/cms-user/login HTTP/1.1" 200 222 "-" "PostmanRuntime/7.46.0"
::1 - - [24/Sep/2025:07:19:11 +0000] "POST /api/v1/cms-user/login HTTP/1.1" 200 222 "-" "PostmanRuntime/7.47.1"
::1 - - [24/Sep/2025:07:20:58 +0000] "POST /api/v1/cms-user/login HTTP/1.1" 200 232 "-" "PostmanRuntime/7.47.1"
::1 - - [24/Sep/2025:07:22:16 +0000] "POST /api/v1/cms-user/login HTTP/1.1" 200 232 "-" "PostmanRuntime/7.47.1"
::1 - - [24/Sep/2025:07:23:22 +0000] "POST /api/v1/cms-user/login HTTP/1.1" 200 232 "-" "PostmanRuntime/7.47.1"
::1 - - [24/Sep/2025:07:24:30 +0000] "POST /api/v1/cms-user/login HTTP/1.1" 200 232 "-" "PostmanRuntime/7.47.1"
::1 - - [24/Sep/2025:07:26:58 +0000] "POST /api/v1/cms-user/login HTTP/1.1" 200 232 "-" "PostmanRuntime/7.47.1"
::1 - - [24/Sep/2025:07:28:15 +0000] "POST /api/v1/cms-user/create-cms-admin HTTP/1.1" 200 58 "-" "PostmanRuntime/7.47.1"
::1 - - [24/Sep/2025:07:28:58 +0000] "POST /api/v1/cms-user/login HTTP/1.1" 200 232 "-" "PostmanRuntime/7.47.1"
::1 - - [24/Sep/2025:07:29:58 +0000] "PATCH /api/v1/cms-user/update/2 HTTP/1.1" 200 270 "-" "PostmanRuntime/7.47.1"
::1 - - [24/Sep/2025:07:33:07 +0000] "PATCH /api/v1/cms-user/update/2 HTTP/1.1" 200 269 "-" "PostmanRuntime/7.47.1"
::1 - - [24/Sep/2025:07:33:51 +0000] "GET /api/v1/cms-user/all-cms-user HTTP/1.1" 200 994 "-" "PostmanRuntime/7.47.1"
::1 - - [24/Sep/2025:07:35:49 +0000] "GET /api/v1/cms-user/all-cms-user?page=1&limit=2 HTTP/1.1" 200 994 "-" "PostmanRuntime/7.47.1"
::1 - - [24/Sep/2025:07:36:10 +0000] "GET /api/v1/cms-user/all-cms-user?page=1&limit=2 HTTP/1.1" 200 994 "-" "PostmanRuntime/7.47.1"
::1 - - [24/Sep/2025:07:36:40 +0000] "GET /api/v1/cms-user/all-cms-user?page=1&limit=2 HTTP/1.1" 200 994 "-" "PostmanRuntime/7.47.1"
::1 - - [24/Sep/2025:07:44:59 +0000] "GET /api/v1/cms-user/all-cms-user?page=1&limit=2 HTTP/1.1" 500 430 "-" "PostmanRuntime/7.47.1"
::1 - - [24/Sep/2025:07:45:45 +0000] "GET /api/v1/cms-user/all-cms-user?page=1&limit=2 HTTP/1.1" 500 430 "-" "PostmanRuntime/7.47.1"
::1 - - [24/Sep/2025:07:48:19 +0000] "GET /api/v1/cms-user/all-cms-user?page=1&limit=2 HTTP/1.1" 500 430 "-" "PostmanRuntime/7.47.1"
::1 - - [24/Sep/2025:07:48:56 +0000] "GET /api/v1/cms-user/all-cms-user?page=1&limit=2 HTTP/1.1" 500 430 "-" "PostmanRuntime/7.47.1"
::1 - - [24/Sep/2025:07:48:58 +0000] "GET /api/v1/cms-user/all-cms-user?page=1&limit=2 HTTP/1.1" 500 430 "-" "PostmanRuntime/7.47.1"
::1 - - [24/Sep/2025:07:50:48 +0000] "GET /api/v1/cms-user/all-cms-user?page=1&limit=2 HTTP/1.1" 500 837 "-" "PostmanRuntime/7.47.1"
::1 - - [24/Sep/2025:07:51:27 +0000] "GET /api/v1/cms-user/all-cms-user?page=1&limit=2 HTTP/1.1" 200 509 "-" "PostmanRuntime/7.47.1"
::1 - - [24/Sep/2025:07:51:56 +0000] "GET /api/v1/cms-user/all-cms-user?page=2&limit=3 HTTP/1.1" 200 504 "-" "PostmanRuntime/7.47.1"
::1 - - [24/Sep/2025:07:52:30 +0000] "GET /api/v1/cms-user/all-cms-user HTTP/1.1" 500 430 "-" "PostmanRuntime/7.47.1"
::1 - - [24/Sep/2025:07:52:36 +0000] "GET /api/v1/cms-user/all-cms-user?page=2&limit=3 HTTP/1.1" 200 504 "-" "PostmanRuntime/7.47.1"
::1 - - [24/Sep/2025:07:56:17 +0000] "GET /api/v1/cms-user/all-cms-user?page=2&limit=3 HTTP/1.1" 200 504 "-" "PostmanRuntime/7.47.1"
::1 - - [24/Sep/2025:07:56:23 +0000] "GET /api/v1/cms-user/all-cms-user HTTP/1.1" 200 1021 "-" "PostmanRuntime/7.47.1"
::1 - - [24/Sep/2025:08:12:19 +0000] "POST /api/v1/cms-user/create-cms-super-admin HTTP/1.1" 409 43 "-" "PostmanRuntime/7.47.1"
::1 - - [24/Sep/2025:08:12:25 +0000] "POST /api/v1/cms-user/create-cms-admin HTTP/1.1" 409 43 "-" "PostmanRuntime/7.47.1"
::1 - - [24/Sep/2025:08:12:30 +0000] "PATCH /api/v1/cms-user/update/2 HTTP/1.1" 200 269 "-" "PostmanRuntime/7.47.1"
::1 - - [24/Sep/2025:08:12:35 +0000] "PATCH /api/v1/cms-user/update/2 HTTP/1.1" 200 270 "-" "PostmanRuntime/7.47.1"
::1 - - [24/Sep/2025:08:12:42 +0000] "POST /api/v1/cms-user/login HTTP/1.1" 200 232 "-" "PostmanRuntime/7.47.1"
::1 - - [24/Sep/2025:08:12:49 +0000] "GET /api/v1/cms-user/all-cms-user?page=2&limit=3 HTTP/1.1" 200 504 "-" "PostmanRuntime/7.47.1"
::1 - - [24/Sep/2025:08:13:06 +0000] "GET /api/v1/cms-user/current-user HTTP/1.1" 200 261 "-" "PostmanRuntime/7.47.1"
::1 - - [24/Sep/2025:08:13:45 +0000] "POST /api/v1/news/create HTTP/1.1" 201 958 "-" "PostmanRuntime/7.47.1"
::1 - - [24/Sep/2025:08:13:58 +0000] "GET /api/v1/news/all HTTP/1.1" 200 1049 "-" "PostmanRuntime/7.47.1"
::1 - - [24/Sep/2025:08:14:14 +0000] "GET /api/v1/news/all HTTP/1.1" 200 1049 "-" "PostmanRuntime/7.47.1"
::1 - - [24/Sep/2025:08:15:13 +0000] "POST /api/v1/news/create HTTP/1.1" 409 79 "-" "PostmanRuntime/7.47.1"
::1 - - [24/Sep/2025:08:16:54 +0000] "POST /api/v1/news/create HTTP/1.1" 201 958 "-" "PostmanRuntime/7.47.1"
::1 - - [24/Sep/2025:08:16:59 +0000] "POST /api/v1/news/create HTTP/1.1" 201 958 "-" "PostmanRuntime/7.47.1"
::1 - - [24/Sep/2025:08:17:04 +0000] "GET /api/v1/cms-user/all-cms-user?page=2&limit=3 HTTP/1.1" 200 504 "-" "PostmanRuntime/7.47.1"
::1 - - [24/Sep/2025:08:17:26 +0000] "GET /api/v1/news/all?page=1&limit=2 HTTP/1.1" 200 3039 "-" "PostmanRuntime/7.47.1"
::1 - - [24/Sep/2025:08:27:24 +0000] "GET /api/v1/news/all?page=1&limit=2 HTTP/1.1" 200 2118 "-" "PostmanRuntime/7.47.1"
::1 - - [24/Sep/2025:09:35:58 +0000] "GET /api/v1/news/detail/Deploy5 HTTP/1.1" 200 1044 "-" "PostmanRuntime/7.47.1"
::1 - - [24/Sep/2025:09:36:15 +0000] "PATCH /api/v1/news/update/1 HTTP/1.1" 500 151 "-" "PostmanRuntime/7.47.1"
::1 - - [24/Sep/2025:09:36:26 +0000] "PATCH /api/v1/news/update/1 HTTP/1.1" 500 151 "-" "PostmanRuntime/7.47.1"
::1 - - [24/Sep/2025:09:36:34 +0000] "POST /api/v1/cms-user/login HTTP/1.1" 200 232 "-" "PostmanRuntime/7.47.1"
::1 - - [24/Sep/2025:09:36:51 +0000] "PATCH /api/v1/news/update/1 HTTP/1.1" 200 1063 "-" "PostmanRuntime/7.47.1"
::1 - - [24/Sep/2025:09:39:30 +0000] "PATCH /api/v1/news/update/1 HTTP/1.1" 200 1063 "-" "PostmanRuntime/7.47.1"
::1 - - [24/Sep/2025:09:39:39 +0000] "PATCH /api/v1/news/update/1 HTTP/1.1" 200 1065 "-" "PostmanRuntime/7.47.1"
::1 - - [24/Sep/2025:09:43:08 +0000] "POST /api/v1/blog/create HTTP/1.1" 422 62 "-" "PostmanRuntime/7.47.1"
::1 - - [24/Sep/2025:09:43:20 +0000] "POST /api/v1/blog/create HTTP/1.1" 422 62 "-" "PostmanRuntime/7.47.1"
::1 - - [24/Sep/2025:09:43:45 +0000] "POST /api/v1/blog/create HTTP/1.1" 409 79 "-" "PostmanRuntime/7.47.1"
::1 - - [24/Sep/2025:09:43:52 +0000] "POST /api/v1/blog/create HTTP/1.1" 422 62 "-" "PostmanRuntime/7.47.1"
::1 - - [24/Sep/2025:09:44:19 +0000] "POST /api/v1/blog/create HTTP/1.1" 409 79 "-" "PostmanRuntime/7.47.1"
::1 - - [24/Sep/2025:09:44:27 +0000] "POST /api/v1/blog/create HTTP/1.1" 201 965 "-" "PostmanRuntime/7.47.1"
::1 - - [24/Sep/2025:09:45:10 +0000] "GET /api/v1/blog/all?page=1&limit=2 HTTP/1.1" 201 2123 "-" "PostmanRuntime/7.47.1"
::1 - - [24/Sep/2025:09:45:38 +0000] "GET /api/v1/blog/detail/Blog1 HTTP/1.1" 200 42 "-" "PostmanRuntime/7.47.1"
::1 - - [24/Sep/2025:09:45:43 +0000] "GET /api/v1/blog/detail/Blog1 HTTP/1.1" 200 42 "-" "PostmanRuntime/7.47.1"
::1 - - [24/Sep/2025:09:46:07 +0000] "GET /api/v1/blog/detail/1 HTTP/1.1" 200 42 "-" "PostmanRuntime/7.47.1"
::1 - - [24/Sep/2025:09:46:53 +0000] "GET /api/v1/blog/all?page=1&limit=2 HTTP/1.1" 201 2123 "-" "PostmanRuntime/7.47.1"
::1 - - [24/Sep/2025:09:47:05 +0000] "GET /api/v1/blog/detail/Blog5 HTTP/1.1" 200 1042 "-" "PostmanRuntime/7.47.1"
::1 - - [24/Sep/2025:09:48:07 +0000] "GET /api/v1/blog/detail/Blog5 HTTP/1.1" 200 1042 "-" "PostmanRuntime/7.47.1"
::1 - - [24/Sep/2025:09:48:12 +0000] "GET /api/v1/blog/detail/ HTTP/1.1" 404 158 "-" "PostmanRuntime/7.47.1"
::1 - - [24/Sep/2025:09:50:04 +0000] "GET /api/v1/blog/detail/ HTTP/1.1" 404 158 "-" "PostmanRuntime/7.47.1"
::1 - - [24/Sep/2025:09:50:07 +0000] "GET /api/v1/blog/detail/Blog5 HTTP/1.1" 200 1042 "-" "PostmanRuntime/7.47.1"
::1 - - [24/Sep/2025:09:50:12 +0000] "GET /api/v1/blog/detail/B HTTP/1.1" 404 44 "-" "PostmanRuntime/7.47.1"
::1 - - [24/Sep/2025:09:51:59 +0000] "GET /api/v1/blog/detail/B HTTP/1.1" 404 44 "-" "PostmanRuntime/7.47.1"
::1 - - [24/Sep/2025:09:52:01 +0000] "GET /api/v1/blog/detail/ HTTP/1.1" 404 158 "-" "PostmanRuntime/7.47.1"
::1 - - [24/Sep/2025:09:53:10 +0000] "PATCH /api/v1/blog/update/1 HTTP/1.1" 500 151 "-" "PostmanRuntime/7.47.1"
::1 - - [24/Sep/2025:09:53:19 +0000] "PATCH /api/v1/blog/update/1 HTTP/1.1" 200 1060 "-" "PostmanRuntime/7.47.1"
::1 - - [24/Sep/2025:09:53:41 +0000] "DELETE /api/v1/blog/delete/1 HTTP/1.1" 200 54 "-" "PostmanRuntime/7.47.1"
::1 - - [24/Sep/2025:09:54:13 +0000] "POST /api/v1/company/create HTTP/1.1" 409 84 "-" "PostmanRuntime/7.47.1"
::1 - - [24/Sep/2025:09:55:08 +0000] "POST /api/v1/company/create HTTP/1.1" 201 964 "-" "PostmanRuntime/7.47.1"
::1 - - [24/Sep/2025:09:55:28 +0000] "GET /api/v1/company/list HTTP/1.1" 200 1278 "-" "PostmanRuntime/7.47.1"
::1 - - [24/Sep/2025:09:57:11 +0000] "GET /api/v1/company/list HTTP/1.1" 200 1278 "-" "PostmanRuntime/7.47.1"
::1 - - [24/Sep/2025:09:59:40 +0000] "GET /api/v1/company/list HTTP/1.1" 200 1305 "-" "PostmanRuntime/7.47.1"
::1 - - [24/Sep/2025:09:59:58 +0000] "GET /api/v1/company/list?page=1&limit=1 HTTP/1.1" 200 356 "-" "PostmanRuntime/7.47.1"
::1 - - [24/Sep/2025:10:00:07 +0000] "GET /api/v1/company/list?page=1&limit=2 HTTP/1.1" 200 1352 "-" "PostmanRuntime/7.47.1"
::1 - - [24/Sep/2025:10:00:44 +0000] "GET /api/v1/cms-user/current-user HTTP/1.1" 200 261 "-" "PostmanRuntime/7.47.1"
::1 - - [24/Sep/2025:10:01:17 +0000] "GET /api/v1/company/detail/1 HTTP/1.1" 200 278 "-" "PostmanRuntime/7.47.1"
::1 - - [24/Sep/2025:10:01:33 +0000] "PATCH /api/v1/company/update/1 HTTP/1.1" 200 286 "-" "PostmanRuntime/7.47.1"
::1 - - [24/Sep/2025:10:02:06 +0000] "PATCH /api/v1/company/update/1 HTTP/1.1" 200 286 "-" "PostmanRuntime/7.47.1"
::1 - - [24/Sep/2025:10:02:09 +0000] "PATCH /api/v1/company/update/1 HTTP/1.1" 200 286 "-" "PostmanRuntime/7.47.1"
::1 - - [24/Sep/2025:10:02:20 +0000] "PATCH /api/v1/company/update/1 HTTP/1.1" 200 286 "-" "PostmanRuntime/7.47.1"
::1 - - [24/Sep/2025:10:02:33 +0000] "PATCH /api/v1/company/update/1 HTTP/1.1" 422 118 "-" "PostmanRuntime/7.47.1"
::1 - - [24/Sep/2025:10:02:45 +0000] "PATCH /api/v1/company/update/1 HTTP/1.1" 200 286 "-" "PostmanRuntime/7.47.1"
::1 - - [24/Sep/2025:10:03:10 +0000] "DELETE /api/v1/company/delete/2 HTTP/1.1" 422 151 "-" "PostmanRuntime/7.47.1"
::1 - - [24/Sep/2025:10:03:18 +0000] "DELETE /api/v1/company/delete/2 HTTP/1.1" 200 51 "-" "PostmanRuntime/7.47.1"
::1 - - [24/Sep/2025:10:03:53 +0000] "POST /api/v1/report/create HTTP/1.1" 422 151 "-" "PostmanRuntime/7.47.1"
::1 - - [24/Sep/2025:10:04:00 +0000] "POST /api/v1/report/create HTTP/1.1" 201 373 "-" "PostmanRuntime/7.47.1"
::1 - - [24/Sep/2025:10:04:20 +0000] "PATCH /api/v1/report/update/2 HTTP/1.1" 422 151 "-" "PostmanRuntime/7.47.1"
::1 - - [24/Sep/2025:10:04:35 +0000] "PATCH /api/v1/report/update/2 HTTP/1.1" 422 57 "-" "PostmanRuntime/7.47.1"
::1 - - [24/Sep/2025:10:05:18 +0000] "PATCH /api/v1/report/update/1 HTTP/1.1" 422 57 "-" "PostmanRuntime/7.47.1"
::1 - - [24/Sep/2025:10:05:52 +0000] "PATCH /api/v1/report/update/1 HTTP/1.1" 422 57 "-" "PostmanRuntime/7.47.1"
::1 - - [24/Sep/2025:10:06:30 +0000] "PATCH /api/v1/report/update/1 HTTP/1.1" 200 67 "-" "PostmanRuntime/7.47.1"
::1 - - [24/Sep/2025:10:08:00 +0000] "PATCH /api/v1/report/update/1 HTTP/1.1" 200 403 "-" "PostmanRuntime/7.47.1"
::1 - - [24/Sep/2025:10:08:09 +0000] "PATCH /api/v1/report/update/1 HTTP/1.1" 200 412 "-" "PostmanRuntime/7.47.1"
::1 - - [24/Sep/2025:10:09:52 +0000] "GET /api/v1/report/list HTTP/1.1" 422 151 "-" "PostmanRuntime/7.47.1"
::1 - - [24/Sep/2025:10:10:02 +0000] "GET /api/v1/report/list HTTP/1.1" 200 50 "-" "PostmanRuntime/7.47.1"
::1 - - [24/Sep/2025:10:12:25 +0000] "POST /api/v1/app-user/create HTTP/1.1" 422 78 "-" "PostmanRuntime/7.47.1"
::1 - - [24/Sep/2025:10:12:55 +0000] "POST /api/v1/app-user/create HTTP/1.1" 422 78 "-" "PostmanRuntime/7.47.1"
::1 - - [24/Sep/2025:10:14:12 +0000] "POST /api/v1/app-user/create HTTP/1.1" 422 78 "-" "PostmanRuntime/7.47.1"
::1 - - [24/Sep/2025:10:16:02 +0000] "POST /api/v1/app-user/create HTTP/1.1" 422 46 "-" "PostmanRuntime/7.47.1"
::1 - - [24/Sep/2025:10:16:51 +0000] "POST /api/v1/app-user/create HTTP/1.1" 422 46 "-" "PostmanRuntime/7.47.1"
::1 - - [24/Sep/2025:10:17:31 +0000] "POST /api/v1/app-user/create HTTP/1.1" 422 46 "-" "PostmanRuntime/7.47.1"
::1 - - [24/Sep/2025:10:17:47 +0000] "POST /api/v1/app-user/create HTTP/1.1" 422 46 "-" "PostmanRuntime/7.47.1"
::1 - - [24/Sep/2025:10:18:18 +0000] "POST /api/v1/app-user/create HTTP/1.1" 422 46 "-" "PostmanRuntime/7.47.1"
::1 - - [24/Sep/2025:10:19:18 +0000] "POST /api/v1/app-user/create HTTP/1.1" 422 46 "-" "PostmanRuntime/7.47.1"
::1 - - [24/Sep/2025:10:19:54 +0000] "POST /api/v1/app-user/create HTTP/1.1" 422 46 "-" "PostmanRuntime/7.47.1"
::1 - - [24/Sep/2025:10:20:16 +0000] "POST /api/v1/app-user/create HTTP/1.1" 422 46 "-" "PostmanRuntime/7.47.1"
::1 - - [24/Sep/2025:10:20:26 +0000] "POST /api/v1/app-user/create HTTP/1.1" 422 46 "-" "PostmanRuntime/7.47.1"
::1 - - [24/Sep/2025:10:21:50 +0000] "POST /api/v1/app-user/create HTTP/1.1" 422 46 "-" "PostmanRuntime/7.47.1"
::1 - - [24/Sep/2025:10:22:26 +0000] "POST /api/v1/app-user/create HTTP/1.1" 422 46 "-" "PostmanRuntime/7.47.1"
::1 - - [24/Sep/2025:10:23:01 +0000] "POST /api/v1/app-user/create HTTP/1.1" 422 46 "-" "PostmanRuntime/7.47.1"
::1 - - [24/Sep/2025:10:23:27 +0000] "POST /api/v1/app-user/create HTTP/1.1" 422 46 "-" "PostmanRuntime/7.47.1"
::1 - - [24/Sep/2025:10:24:01 +0000] "POST /api/v1/app-user/create HTTP/1.1" 422 46 "-" "PostmanRuntime/7.47.1"
::1 - - [24/Sep/2025:10:27:20 +0000] "POST /api/v1/app-user/create HTTP/1.1" 400 35 "-" "PostmanRuntime/7.47.1"
::1 - - [24/Sep/2025:10:27:56 +0000] "POST /api/v1/app-user/create HTTP/1.1" 422 84 "-" "PostmanRuntime/7.47.1"
::1 - - [24/Sep/2025:10:29:07 +0000] "PATCH /api/v1/app-user/update/1 HTTP/1.1" 422 151 "-" "PostmanRuntime/7.47.1"
::1 - - [24/Sep/2025:10:29:14 +0000] "PATCH /api/v1/app-user/update/1 HTTP/1.1" 404 61 "-" "PostmanRuntime/7.47.1"
::1 - - [24/Sep/2025:10:29:34 +0000] "POST /api/v1/app-user/create HTTP/1.1" 201 64 "-" "PostmanRuntime/7.47.1"
::1 - - [24/Sep/2025:10:29:43 +0000] "GET /api/v1/app-user/all HTTP/1.1" 200 3803 "-" "PostmanRuntime/7.47.1"
::1 - - [24/Sep/2025:10:30:14 +0000] "PATCH /api/v1/app-user/update/1 HTTP/1.1" 404 61 "-" "PostmanRuntime/7.47.1"
::1 - - [24/Sep/2025:10:30:17 +0000] "PATCH /api/v1/app-user/update/2 HTTP/1.1" 200 74 "-" "PostmanRuntime/7.47.1"
::1 - - [24/Sep/2025:10:30:59 +0000] "GET /api/v1/app-user/all HTTP/1.1" 422 151 "-" "PostmanRuntime/7.47.1"
::1 - - [24/Sep/2025:10:31:06 +0000] "GET /api/v1/app-user/all HTTP/1.1" 200 3807 "-" "PostmanRuntime/7.47.1"
::1 - - [24/Sep/2025:10:55:48 +0000] "GET /api/v1/app-user/all HTTP/1.1" 200 3834 "-" "PostmanRuntime/7.47.1"
::1 - - [24/Sep/2025:10:56:11 +0000] "GET /api/v1/app-user/all?page=1&limit=2 HTTP/1.1" 200 2627 "-" "PostmanRuntime/7.47.1"
::1 - - [24/Sep/2025:10:57:43 +0000] "GET /api/v1/app-user/detail/11 HTTP/1.1" 200 41 "-" "PostmanRuntime/7.47.1"
::1 - - [24/Sep/2025:10:58:21 +0000] "GET /api/v1/app-user/detail/11 HTTP/1.1" 404 44 "-" "PostmanRuntime/7.47.1"
::1 - - [24/Sep/2025:10:58:40 +0000] "GET /api/v1/app-user/detail/2 HTTP/1.1" 200 1300 "-" "PostmanRuntime/7.47.1"
::1 - - [24/Sep/2025:11:00:06 +0000] "POST /api/v1/app-user/login/otp HTTP/1.1" 200 92 "-" "PostmanRuntime/7.47.1"
::1 - - [24/Sep/2025:11:01:37 +0000] "POST /api/v1/app-user/verify-otp HTTP/1.1" 200 317 "-" "PostmanRuntime/7.47.1"
::1 - - [24/Sep/2025:11:02:20 +0000] "POST /api/v1/app-user/verify-otp HTTP/1.1" 404 50 "-" "PostmanRuntime/7.47.1"
::1 - - [24/Sep/2025:11:02:50 +0000] "POST /api/v1/app-user/login/otp HTTP/1.1" 200 92 "-" "PostmanRuntime/7.47.1"
::1 - - [24/Sep/2025:11:03:24 +0000] "POST /api/v1/app-user/verify-otp HTTP/1.1" 200 317 "-" "PostmanRuntime/7.47.1"
::1 - - [24/Sep/2025:11:05:13 +0000] "GET /api/v1/report/list HTTP/1.1" 200 404 "-" "PostmanRuntime/7.47.1"
::1 - - [24/Sep/2025:11:05:37 +0000] "GET /api/v1/report/detail/4 HTTP/1.1" 404 46 "-" "PostmanRuntime/7.47.1"
::1 - - [24/Sep/2025:11:05:43 +0000] "GET /api/v1/report/detail/1 HTTP/1.1" 200 558 "-" "PostmanRuntime/7.47.1"
::1 - - [24/Sep/2025:11:10:45 +0000] "GET /api/v1/report/list HTTP/1.1" 200 404 "-" "PostmanRuntime/7.47.1"
::1 - - [24/Sep/2025:11:11:17 +0000] "GET /api/v1/report/detail/45 HTTP/1.1" 404 46 "-" "PostmanRuntime/7.47.1"
::1 - - [24/Sep/2025:11:13:32 +0000] "POST /api/v1/highlight/create HTTP/1.1" 500 406 "-" "PostmanRuntime/7.47.1"
::1 - - [24/Sep/2025:11:13:59 +0000] "POST /api/v1/highlight/create HTTP/1.1" 409 94 "-" "PostmanRuntime/7.47.1"
::1 - - [24/Sep/2025:11:14:12 +0000] "POST /api/v1/highlight/create HTTP/1.1" 422 1367 "-" "PostmanRuntime/7.47.1"
::1 - - [24/Sep/2025:11:15:03 +0000] "POST /api/v1/highlight/create HTTP/1.1" 422 1367 "-" "PostmanRuntime/7.47.1"
::1 - - [24/Sep/2025:11:16:08 +0000] "POST /api/v1/highlight/create HTTP/1.1" 422 91 "-" "PostmanRuntime/7.47.1"
::1 - - [24/Sep/2025:11:18:12 +0000] "POST /api/v1/highlight/create HTTP/1.1" 201 254 "-" "PostmanRuntime/7.47.1"
::1 - - [24/Sep/2025:11:18:40 +0000] "PATCH /api/v1/highlight/update/1 HTTP/1.1" 422 151 "-" "PostmanRuntime/7.47.1"
::1 - - [24/Sep/2025:11:18:47 +0000] "PATCH /api/v1/highlight/update/1 HTTP/1.1" 422 62 "-" "PostmanRuntime/7.47.1"
::1 - - [24/Sep/2025:11:19:31 +0000] "PATCH /api/v1/highlight/update/1 HTTP/1.1" 422 62 "-" "PostmanRuntime/7.47.1"
::1 - - [24/Sep/2025:11:19:34 +0000] "PATCH /api/v1/highlight/update/1 HTTP/1.1" 422 62 "-" "PostmanRuntime/7.47.1"
::1 - - [24/Sep/2025:11:46:02 +0000] "PATCH /api/v1/highlight/update/1 HTTP/1.1" 422 151 "-" "PostmanRuntime/7.47.1"
::1 - - [24/Sep/2025:11:46:02 +0000] "PATCH /api/v1/highlight/update/1 HTTP/1.1" 422 151 "-" "PostmanRuntime/7.47.1"
::1 - - [24/Sep/2025:11:47:28 +0000] "PATCH /api/v1/highlight/update/1 HTTP/1.1" 422 151 "-" "PostmanRuntime/7.47.1"
::1 - - [24/Sep/2025:11:48:14 +0000] "POST /api/v1/cms-user/login HTTP/1.1" 200 232 "-" "PostmanRuntime/7.47.1"
::1 - - [24/Sep/2025:11:48:25 +0000] "PATCH /api/v1/highlight/update/1 HTTP/1.1" 422 62 "-" "PostmanRuntime/7.47.1"
::1 - - [24/Sep/2025:11:48:48 +0000] "PATCH /api/v1/highlight/update/1 HTTP/1.1" 200 308 "-" "PostmanRuntime/7.47.1"
::1 - - [24/Sep/2025:11:49:18 +0000] "DELETE /api/v1/highlight/delete/1 HTTP/1.1" 200 48 "-" "PostmanRuntime/7.47.1"
::1 - - [24/Sep/2025:11:49:46 +0000] "GET /api/v1/highlight/list HTTP/1.1" 200 311 "-" "PostmanRuntime/7.47.1"
::1 - - [24/Sep/2025:11:50:08 +0000] "POST /api/v1/highlight/create HTTP/1.1" 201 257 "-" "PostmanRuntime/7.47.1"
::1 - - [24/Sep/2025:11:50:14 +0000] "GET /api/v1/highlight/list HTTP/1.1" 200 573 "-" "PostmanRuntime/7.47.1"
::1 - - [24/Sep/2025:11:50:38 +0000] "GET /api/v1/highlight/detail/5 HTTP/1.1" 200 311 "-" "PostmanRuntime/7.47.1"
::1 - - [24/Sep/2025:11:55:18 +0000] "GET /api/v1/highlight/detail/5 HTTP/1.1" 200 311 "-" "PostmanRuntime/7.47.1"
::1 - - [24/Sep/2025:11:55:28 +0000] "GET /api/v1/highlight/list HTTP/1.1" 200 600 "-" "PostmanRuntime/7.47.1"
::1 - - [24/Sep/2025:11:56:54 +0000] "GET /api/v1/highlight/list HTTP/1.1" 200 600 "-" "PostmanRuntime/7.47.1"
::1 - - [24/Sep/2025:12:26:43 +0000] "POST /api/v1/news/create HTTP/1.1" 401 46 "-" "PostmanRuntime/7.47.1"
::1 - - [24/Sep/2025:12:26:54 +0000] "POST /api/v1/cms-user/login HTTP/1.1" 200 232 "-" "PostmanRuntime/7.47.1"
::1 - - [24/Sep/2025:12:27:05 +0000] "POST /api/v1/news/create HTTP/1.1" 201 996 "-" "PostmanRuntime/7.47.1"
::1 - - [24/Sep/2025:12:31:03 +0000] "POST /api/v1/news/create HTTP/1.1" 201 998 "-" "PostmanRuntime/7.47.1"
::1 - - [24/Sep/2025:12:33:05 +0000] "POST /api/v1/news/create HTTP/1.1" 201 402 "-" "PostmanRuntime/7.47.1"
::1 - - [25/Sep/2025:12:20:21 +0000] "POST /api/v1/cms-user/create-cms-super-admin HTTP/1.1" 201 58 "-" "PostmanRuntime/7.47.1"
::1 - - [03/Oct/2025:06:54:31 +0000] "GET /api-docs/ HTTP/1.1" 200 3106 "-" "Mozilla/5.0 (Windows NT 10.0; Win64; x64) AppleWebKit/537.36 (KHTML, like Gecko) Chrome/140.0.0.0 Safari/537.36"
::1 - - [03/Oct/2025:06:54:31 +0000] "GET /api-docs/swagger-ui.css HTTP/1.1" 200 155212 "http://localhost:5000/api-docs/" "Mozilla/5.0 (Windows NT 10.0; Win64; x64) AppleWebKit/537.36 (KHTML, like Gecko) Chrome/140.0.0.0 Safari/537.36"
::1 - - [03/Oct/2025:06:54:31 +0000] "GET /api-docs/swagger-ui-init.js HTTP/1.1" 200 7909 "http://localhost:5000/api-docs/" "Mozilla/5.0 (Windows NT 10.0; Win64; x64) AppleWebKit/537.36 (KHTML, like Gecko) Chrome/140.0.0.0 Safari/537.36"
::1 - - [03/Oct/2025:06:54:31 +0000] "GET /api-docs/swagger-ui-standalone-preset.js HTTP/1.1" 200 250335 "http://localhost:5000/api-docs/" "Mozilla/5.0 (Windows NT 10.0; Win64; x64) AppleWebKit/537.36 (KHTML, like Gecko) Chrome/140.0.0.0 Safari/537.36"
::1 - - [03/Oct/2025:06:54:31 +0000] "GET /api-docs/swagger-ui-bundle.js HTTP/1.1" 200 1507218 "http://localhost:5000/api-docs/" "Mozilla/5.0 (Windows NT 10.0; Win64; x64) AppleWebKit/537.36 (KHTML, like Gecko) Chrome/140.0.0.0 Safari/537.36"
::1 - - [03/Oct/2025:06:54:31 +0000] "GET /api-docs/favicon-32x32.png HTTP/1.1" 200 628 "http://localhost:5000/api-docs/" "Mozilla/5.0 (Windows NT 10.0; Win64; x64) AppleWebKit/537.36 (KHTML, like Gecko) Chrome/140.0.0.0 Safari/537.36"
::1 - - [03/Oct/2025:06:54:37 +0000] "GET /api/v1/health-check HTTP/1.1" 200 28 "-" "Mozilla/5.0 (Windows NT 10.0; Win64; x64) AppleWebKit/537.36 (KHTML, like Gecko) Chrome/140.0.0.0 Safari/537.36"
::1 - - [03/Oct/2025:06:54:37 +0000] "GET /favicon.ico HTTP/1.1" 404 150 "http://localhost:5000/api/v1/health-check" "Mozilla/5.0 (Windows NT 10.0; Win64; x64) AppleWebKit/537.36 (KHTML, like Gecko) Chrome/140.0.0.0 Safari/537.36"
::1 - - [03/Oct/2025:06:55:28 +0000] "GET /api/v1/health-check HTTP/1.1" 304 - "-" "Mozilla/5.0 (Windows NT 10.0; Win64; x64) AppleWebKit/537.36 (KHTML, like Gecko) Chrome/140.0.0.0 Safari/537.36"
::1 - - [06/Oct/2025:06:48:22 +0000] "GET /api/v1/health-check HTTP/1.1" 304 - "-" "Mozilla/5.0 (Windows NT 10.0; Win64; x64) AppleWebKit/537.36 (KHTML, like Gecko) Chrome/140.0.0.0 Safari/537.36"
::1 - - [06/Oct/2025:06:48:22 +0000] "GET /favicon.ico HTTP/1.1" 404 150 "http://localhost:5000/api/v1/health-check" "Mozilla/5.0 (Windows NT 10.0; Win64; x64) AppleWebKit/537.36 (KHTML, like Gecko) Chrome/140.0.0.0 Safari/537.36"
::1 - - [06/Oct/2025:06:50:20 +0000] "POST /api/v1/cms-user/create-cms-super-admin HTTP/1.1" 201 58 "-" "PostmanRuntime/7.48.0"
::1 - - [06/Oct/2025:06:52:43 +0000] "POST /api/v1/cms-user/login HTTP/1.1" 200 232 "-" "PostmanRuntime/7.48.0"
::1 - - [06/Oct/2025:06:53:04 +0000] "POST /api/v1/app-user/create HTTP/1.1" 422 102 "-" "PostmanRuntime/7.48.0"
::1 - - [06/Oct/2025:06:53:53 +0000] "POST /api/v1/app-user/create HTTP/1.1" 500 1391 "-" "PostmanRuntime/7.48.0"
::1 - - [06/Oct/2025:06:55:30 +0000] "POST /api/v1/app-user/create HTTP/1.1" 500 1391 "-" "PostmanRuntime/7.48.0"
::1 - - [06/Oct/2025:06:56:10 +0000] "POST /api/v1/app-user/create HTTP/1.1" 422 102 "-" "PostmanRuntime/7.48.0"
::1 - - [06/Oct/2025:06:57:23 +0000] "POST /api/v1/app-user/create HTTP/1.1" 422 102 "-" "PostmanRuntime/7.48.0"
::1 - - [06/Oct/2025:06:57:38 +0000] "POST /api/v1/app-user/create HTTP/1.1" 422 102 "-" "PostmanRuntime/7.48.0"
::1 - - [06/Oct/2025:06:58:06 +0000] "POST /api/v1/app-user/create HTTP/1.1" 422 102 "-" "PostmanRuntime/7.48.0"
::1 - - [06/Oct/2025:06:58:51 +0000] "POST /api/v1/app-user/create HTTP/1.1" 422 102 "-" "PostmanRuntime/7.48.0"
::1 - - [06/Oct/2025:06:59:18 +0000] "POST /api/v1/app-user/create HTTP/1.1" 201 64 "-" "PostmanRuntime/7.48.0"
::1 - - [06/Oct/2025:07:00:00 +0000] "POST /api/v1/app-user/create HTTP/1.1" 201 64 "-" "PostmanRuntime/7.48.0"
::1 - - [06/Oct/2025:08:22:53 +0000] "POST /api/v1/cms-user/create-cms-super-admin HTTP/1.1" 201 58 "-" "PostmanRuntime/7.48.0"
::1 - - [06/Oct/2025:08:22:57 +0000] "POST /api/v1/cms-user/login HTTP/1.1" 200 232 "-" "PostmanRuntime/7.48.0"
::1 - - [06/Oct/2025:08:23:15 +0000] "POST /api/v1/app-user/create HTTP/1.1" 422 102 "-" "PostmanRuntime/7.48.0"
::1 - - [06/Oct/2025:08:23:26 +0000] "POST /api/v1/app-user/create HTTP/1.1" 201 64 "-" "PostmanRuntime/7.48.0"
::1 - - [06/Oct/2025:08:24:49 +0000] "POST /api/v1/app-user/create HTTP/1.1" - - "-" "PostmanRuntime/7.48.0"
::1 - - [06/Oct/2025:08:26:00 +0000] "POST /api/v1/app-user/create HTTP/1.1" - - "-" "PostmanRuntime/7.48.0"
::1 - - [06/Oct/2025:08:26:19 +0000] "POST /api/v1/app-user/create HTTP/1.1" 201 64 "-" "PostmanRuntime/7.48.0"
::1 - - [28/Oct/2025:08:11:39 +0000] "GET /api-docs/ HTTP/1.1" 200 3106 "-" "Mozilla/5.0 (Windows NT 10.0; Win64; x64) AppleWebKit/537.36 (KHTML, like Gecko) Chrome/141.0.0.0 Safari/537.36"
::1 - - [28/Oct/2025:08:11:39 +0000] "GET /api-docs/swagger-ui-init.js HTTP/1.1" 200 7909 "http://localhost:5000/api-docs/" "Mozilla/5.0 (Windows NT 10.0; Win64; x64) AppleWebKit/537.36 (KHTML, like Gecko) Chrome/141.0.0.0 Safari/537.36"
::1 - - [28/Oct/2025:08:11:39 +0000] "GET /api-docs/swagger-ui.css HTTP/1.1" 200 155212 "http://localhost:5000/api-docs/" "Mozilla/5.0 (Windows NT 10.0; Win64; x64) AppleWebKit/537.36 (KHTML, like Gecko) Chrome/141.0.0.0 Safari/537.36"
::1 - - [28/Oct/2025:08:11:39 +0000] "GET /api-docs/swagger-ui-standalone-preset.js HTTP/1.1" 200 250335 "http://localhost:5000/api-docs/" "Mozilla/5.0 (Windows NT 10.0; Win64; x64) AppleWebKit/537.36 (KHTML, like Gecko) Chrome/141.0.0.0 Safari/537.36"
::1 - - [28/Oct/2025:08:11:39 +0000] "GET /api-docs/swagger-ui-bundle.js HTTP/1.1" 200 1507218 "http://localhost:5000/api-docs/" "Mozilla/5.0 (Windows NT 10.0; Win64; x64) AppleWebKit/537.36 (KHTML, like Gecko) Chrome/141.0.0.0 Safari/537.36"
::1 - - [28/Oct/2025:08:11:39 +0000] "GET /api-docs/favicon-32x32.png HTTP/1.1" 200 628 "http://localhost:5000/api-docs/" "Mozilla/5.0 (Windows NT 10.0; Win64; x64) AppleWebKit/537.36 (KHTML, like Gecko) Chrome/141.0.0.0 Safari/537.36"
::1 - - [28/Oct/2025:08:16:48 +0000] "POST /api/v1/cms-user/create-cms-super-admin HTTP/1.1" 409 43 "-" "PostmanRuntime/7.49.0"
::1 - - [28/Oct/2025:08:16:56 +0000] "POST /api/v1/cms-user/login HTTP/1.1" 200 232 "-" "PostmanRuntime/7.49.0"
::1 - - [28/Oct/2025:08:17:04 +0000] "POST /api/v1/company/create HTTP/1.1" 201 964 "-" "PostmanRuntime/7.49.0"
::1 - - [28/Oct/2025:10:56:20 +0000] "POST /api/v1/company/req HTTP/1.1" 201 235 "-" "PostmanRuntime/7.49.0"
::1 - - [28/Oct/2025:10:57:26 +0000] "GET /api/v1/app-user/all?page=1&limit=2 HTTP/1.1" 422 151 "-" "PostmanRuntime/7.49.0"
::1 - - [28/Oct/2025:10:57:37 +0000] "POST /api/v1/cms-user/login HTTP/1.1" 200 232 "-" "PostmanRuntime/7.49.0"
::1 - - [28/Oct/2025:10:57:44 +0000] "GET /api/v1/app-user/all?page=1&limit=2 HTTP/1.1" 200 2510 "-" "PostmanRuntime/7.49.0"
::1 - - [29/Oct/2025:05:20:44 +0000] "POST /api/v1/company/req HTTP/1.1" 422 62 "-" "PostmanRuntime/7.49.0"
::1 - - [29/Oct/2025:05:23:14 +0000] "POST /api/v1/company/req HTTP/1.1" 422 62 "-" "PostmanRuntime/7.49.0"
::1 - - [29/Oct/2025:05:24:13 +0000] "POST /api/v1/company/req HTTP/1.1" 422 499 "-" "PostmanRuntime/7.49.0"
::1 - - [29/Oct/2025:05:25:35 +0000] "POST /api/v1/company/req HTTP/1.1" 500 427 "-" "PostmanRuntime/7.49.0"
::1 - - [29/Oct/2025:05:26:49 +0000] "POST /api/v1/company/req HTTP/1.1" 422 1117 "-" "PostmanRuntime/7.49.0"
::1 - - [29/Oct/2025:05:29:55 +0000] "POST /api/v1/company/req HTTP/1.1" 500 1165 "-" "PostmanRuntime/7.49.0"
::1 - - [29/Oct/2025:05:31:43 +0000] "POST /api/v1/company/req HTTP/1.1" 500 1165 "-" "PostmanRuntime/7.49.0"
::1 - - [29/Oct/2025:05:32:01 +0000] "POST /api/v1/company/req HTTP/1.1" 500 1165 "-" "PostmanRuntime/7.49.0"
::1 - - [29/Oct/2025:05:46:44 +0000] "POST /api/v1/company/req HTTP/1.1" 500 1150 "-" "PostmanRuntime/7.49.0"
::1 - - [29/Oct/2025:05:48:16 +0000] "POST /api/v1/company/req HTTP/1.1" 500 1094 "-" "PostmanRuntime/7.49.0"
::1 - - [29/Oct/2025:06:11:02 +0000] "POST /api/v1/company/req HTTP/1.1" 500 1541 "-" "PostmanRuntime/7.49.0"
::1 - - [29/Oct/2025:06:11:38 +0000] "POST /api/v1/cms-user/create-cms-super-admin HTTP/1.1" 201 58 "-" "PostmanRuntime/7.49.0"
::1 - - [29/Oct/2025:06:11:42 +0000] "POST /api/v1/cms-user/login HTTP/1.1" 200 232 "-" "PostmanRuntime/7.49.0"
::1 - - [29/Oct/2025:06:11:57 +0000] "POST /api/v1/app-user/create HTTP/1.1" 500 102 "-" "PostmanRuntime/7.49.0"
::1 - - [29/Oct/2025:06:12:17 +0000] "POST /api/v1/app-user/create HTTP/1.1" 500 102 "-" "PostmanRuntime/7.49.0"
::1 - - [29/Oct/2025:06:12:37 +0000] "POST /api/v1/app-user/create HTTP/1.1" 201 64 "-" "PostmanRuntime/7.49.0"
::1 - - [29/Oct/2025:06:12:58 +0000] "POST /api/v1/app-user/create HTTP/1.1" 500 84 "-" "PostmanRuntime/7.49.0"
::1 - - [29/Oct/2025:06:13:13 +0000] "POST /api/v1/app-user/create HTTP/1.1" 201 63 "-" "PostmanRuntime/7.49.0"
::1 - - [29/Oct/2025:06:13:31 +0000] "POST /api/v1/company/req HTTP/1.1" 500 1541 "-" "PostmanRuntime/7.49.0"
::1 - - [29/Oct/2025:06:13:45 +0000] "POST /api/v1/company/create HTTP/1.1" 201 964 "-" "PostmanRuntime/7.49.0"
::1 - - [29/Oct/2025:06:13:49 +0000] "POST /api/v1/company/req HTTP/1.1" 500 1541 "-" "PostmanRuntime/7.49.0"
::1 - - [29/Oct/2025:06:23:03 +0000] "POST /api/v1/company/req HTTP/1.1" 500 62 "-" "PostmanRuntime/7.49.0"
::1 - - [29/Oct/2025:06:24:08 +0000] "POST /api/v1/company/req HTTP/1.1" 500 62 "-" "PostmanRuntime/7.49.0"
::1 - - [29/Oct/2025:06:24:46 +0000] "POST /api/v1/company/req HTTP/1.1" 201 235 "-" "PostmanRuntime/7.49.0"
::1 - - [30/Oct/2025:06:15:22 +0000] "POST /api/v1/cms-user/login HTTP/1.1" 200 232 "-" "PostmanRuntime/7.49.0"
::1 - - [30/Oct/2025:06:16:08 +0000] "POST /api/v1/app-user/create HTTP/1.1" 201 64 "-" "PostmanRuntime/7.49.0"
::1 - - [30/Oct/2025:06:23:48 +0000] "POST /api/v1/company/req HTTP/1.1" 500 517 "-" "PostmanRuntime/7.49.0"
::1 - - [30/Oct/2025:06:26:25 +0000] "POST /api/v1/company/req HTTP/1.1" 500 1172 "-" "PostmanRuntime/7.49.0"
::1 - - [30/Oct/2025:06:33:28 +0000] "POST /api/v1/company/req HTTP/1.1" 500 1182 "-" "PostmanRuntime/7.49.0"
::1 - - [30/Oct/2025:06:34:01 +0000] "POST /api/v1/company/req HTTP/1.1" 500 1182 "-" "PostmanRuntime/7.49.0"
::1 - - [30/Oct/2025:06:35:51 +0000] "POST /api/v1/company/req HTTP/1.1" 201 239 "-" "PostmanRuntime/7.49.0"
::1 - - [30/Oct/2025:06:50:38 +0000] "POST /api/v1/company/req HTTP/1.1" 201 239 "-" "PostmanRuntime/7.49.0"
::1 - - [30/Oct/2025:06:53:14 +0000] "POST /api/v1/company/req HTTP/1.1" 201 239 "-" "PostmanRuntime/7.49.0"
::1 - - [30/Oct/2025:06:56:14 +0000] "POST /api/v1/company/req HTTP/1.1" 201 239 "-" "PostmanRuntime/7.49.0"
::1 - - [30/Oct/2025:06:57:31 +0000] "POST /api/v1/company/req HTTP/1.1" 201 239 "-" "PostmanRuntime/7.49.0"
::1 - - [30/Oct/2025:06:59:36 +0000] "POST /api/v1/company/req HTTP/1.1" 201 239 "-" "PostmanRuntime/7.49.0"
::1 - - [30/Oct/2025:07:05:12 +0000] "POST /api/v1/company/req HTTP/1.1" 500 97 "-" "PostmanRuntime/7.49.0"
::1 - - [30/Oct/2025:07:09:19 +0000] "POST /api/v1/company/req HTTP/1.1" 201 239 "-" "PostmanRuntime/7.49.0"
::1 - - [30/Oct/2025:07:12:18 +0000] "POST /api/v1/company/req HTTP/1.1" 201 239 "-" "PostmanRuntime/7.49.0"
